Build started 3/22/2014 9:09:23 PM.
     1>Project "E:\Programing\C++\Library_system\Library_system\Library_system.vcxproj" on node 2 (build target(s)).
     1>InitializeBuildStatus:
         Creating "Debug\Library_system.unsuccessfulbuild" because "AlwaysCreate" was specified.
       ClCompile:
         C:\Program Files (x86)\Microsoft Visual Studio 10.0\VC\bin\CL.exe /c /ZI /nologo /W3 /WX- /Od /Oy- /D WIN32 /D _DEBUG /D _CONSOLE /D _UNICODE /D UNICODE /Gm /EHsc /RTC1 /MDd /GS /fp:precise /Zc:wchar_t /Zc:forScope /Fo"Debug\\" /Fd"Debug\vc100.pdb" /Gd /TP /analyze- /errorReport:prompt Library.cpp
         Library.cpp
     1>e:\programing\c++\library_system\library_system\library.cpp(50): warning C4018: '<' : signed/unsigned mismatch
     1>e:\programing\c++\library_system\library_system\library.cpp(122): warning C4996: '_strdate': This function or variable may be unsafe. Consider using _strdate_s instead. To disable deprecation, use _CRT_SECURE_NO_WARNINGS. See online help for details.
                 c:\program files (x86)\microsoft visual studio 10.0\vc\include\time.h(177) : see declaration of '_strdate'
     1>e:\programing\c++\library_system\library_system\library.cpp(129): warning C4018: '<' : signed/unsigned mismatch
       ManifestResourceCompile:
         All outputs are up-to-date.
       Link:
         C:\Program Files (x86)\Microsoft Visual Studio 10.0\VC\bin\link.exe /ERRORREPORT:PROMPT /OUT:"E:\Programing\C++\Library_system\Debug\Library_system.exe" /INCREMENTAL /NOLOGO kernel32.lib user32.lib gdi32.lib winspool.lib comdlg32.lib advapi32.lib shell32.lib ole32.lib oleaut32.lib uuid.lib odbc32.lib odbccp32.lib /MANIFEST /ManifestFile:"Debug\Library_system.exe.intermediate.manifest" /MANIFESTUAC:"level='asInvoker' uiAccess='false'" /DEBUG /PDB:"E:\Programing\C++\Library_system\Debug\Library_system.pdb" /SUBSYSTEM:CONSOLE /TLBID:1 /DYNAMICBASE /NXCOMPAT /IMPLIB:"E:\Programing\C++\Library_system\Debug\Library_system.lib" /MACHINE:X86 Debug\Library_system.exe.embed.manifest.res
         Debug\Book.obj
         Debug\DataBase.obj
         Debug\Library.obj
         Debug\main.obj
       Manifest:
         C:\Program Files (x86)\Microsoft SDKs\Windows\v7.0A\bin\mt.exe /nologo /verbose /out:"Debug\Library_system.exe.embed.manifest" /manifest Debug\Library_system.exe.intermediate.manifest
         All outputs are up-to-date.
       LinkEmbedManifest:
         All outputs are up-to-date.
         Library_system.vcxproj -> E:\Programing\C++\Library_system\Debug\Library_system.exe
       FinalizeBuildStatus:
         Deleting file "Debug\Library_system.unsuccessfulbuild".
         Touching "Debug\Library_system.lastbuildstate".
     1>Done Building Project "E:\Programing\C++\Library_system\Library_system\Library_system.vcxproj" (build target(s)).

Build succeeded.

Time Elapsed 00:00:01.97
